\BOOKMARK [0][-]{chapter.1}{\376\377\000\332\000v\000o\000d}{}% 1
\BOOKMARK [0][-]{chapter.2}{\376\377\000T\000e\000o\000r\000e\000t\000i\000c\000k\000\341\000\040\001\015\000\341\000s\000t}{}% 2
\BOOKMARK [1][-]{section.2.1}{\376\377\000G\000e\000n\000e\000a\000l\000o\000g\000i\000e\000\040\000a\000\040\000j\000e\000j\000\355\000\040\000v\000\375\000z\000n\000a\000m\000\040\000v\000\040\000r\000\341\000m\000c\000i\000\040\000C\000z\000e\000c\000h\000-\000A\000m\000e\000r\000i\000c\000a\000n\000\040\000T\000V}{chapter.2}% 3
\BOOKMARK [1][-]{section.2.2}{\376\377\000G\000e\000n\000e\000a\000l\000o\000g\000i\000c\000k\000\341\000\040\000m\000a\000p\000a\000\040\001\014\000e\000s\000k\000\351\000\040\000r\000e\000p\000u\000b\000l\000i\000k\000y}{chapter.2}% 4
\BOOKMARK [1][-]{section.2.3}{\376\377\000N\001\033\000m\000e\000c\000k\000o\000-\001\015\000e\000s\000k\000\351\000\040\000n\000\341\000z\000v\000o\000s\000l\000o\000v\000\355\000\040\000h\000i\000s\000t\000o\000r\000i\000c\000k\000\375\000c\000h\000\040\000m\001\033\000s\000t}{chapter.2}% 5
\BOOKMARK [1][-]{section.2.4}{\376\377\000M\000a\000c\000h\000i\000n\000e\000\040\000L\000e\000a\000r\000n\000i\000n\000g\000\040\000v\000\040\000g\000e\000n\000e\000a\000l\000o\000g\000i\000i}{chapter.2}% 6
\BOOKMARK [2][-]{subsection.2.4.1}{\376\377\000W\000o\000r\000d\0002\000V\000e\000c\000\040\000a\000\040\000j\000e\000h\000o\000\040\000v\000y\000u\001\176\000i\000t\000\355\000\040\000p\001\131\000i\000\040\000p\001\131\000e\000k\000l\000a\000d\000u}{section.2.4}% 7
\BOOKMARK [2][-]{subsection.2.4.2}{\376\377\000M\000a\000t\000e\000m\000a\000t\000i\000c\000k\000\375\000\040\000m\000o\000d\000e\000l\000\040\000W\000o\000r\000d\0002\000V\000e\000c}{section.2.4}% 8
\BOOKMARK [1][-]{section.2.5}{\376\377\000R\000e\001\141\000e\000r\001\141\000e\000\040\000e\000x\000i\000s\000t\000u\000j\000\355\000c\000\355\000c\000h\000\040\001\131\000e\001\141\000e\000n\000\355\000\040\000p\000r\000o\000\040\000g\000e\000n\000e\000a\000l\000o\000g\000i\000c\000k\000\375\000\040\000v\000\375\000z\000k\000u\000m}{chapter.2}% 9
\BOOKMARK [2][-]{subsection.2.5.1}{\376\377\000P\001\131\000e\000h\000l\000e\000d\000\040\000d\000o\000s\000t\000u\000p\000n\000\375\000c\000h\000\040\000g\000e\000n\000e\000a\000l\000o\000g\000i\000c\000k\000\375\000c\000h\000\040\000p\000l\000a\000t\000f\000o\000r\000e\000m}{section.2.5}% 10
\BOOKMARK [2][-]{subsection.2.5.2}{\376\377\000S\000r\000o\000v\000n\000\341\000n\000\355\000\040\000s\000\040\000p\000r\000o\000j\000e\000k\000t\000e\000m}{section.2.5}% 11
\BOOKMARK [1][-]{section.2.6}{\376\377\000A\000n\000a\000l\000\375\000z\000a\000\040\000p\000o\000t\001\131\000e\000b\000\040\000u\001\176\000i\000v\000a\000t\000e\000l\001\157}{chapter.2}% 12
\BOOKMARK [1][-]{section.2.7}{\376\377\000A\000n\000a\000l\000\375\000z\000a\000\040\000t\000e\000c\000h\000n\000o\000l\000o\000g\000i\000c\000k\000\375\000c\000h\000\040\000m\000o\001\176\000n\000o\000s\000t\000\355}{chapter.2}% 13
\BOOKMARK [2][-]{subsection.2.7.1}{\376\377\000V\000\375\000b\001\033\000r\000\040\000W\000o\000r\000d\0002\000V\000e\000c\000\040\000a\000\040\000j\000e\000h\000o\000\040\000a\000l\000t\000e\000r\000n\000a\000t\000i\000v\000y}{section.2.7}% 14
\BOOKMARK [1][-]{section.2.8}{\376\377\000A\000n\000a\000l\000\375\000z\000a\000\040\000d\000a\000t\000o\000v\000\375\000c\000h\000\040\000z\000d\000r\000o\000j\001\157}{chapter.2}% 15
\BOOKMARK [1][-]{section.2.9}{\376\377\000A\000n\000a\000l\000\375\000z\000a\000\040\000r\000i\000z\000i\000k\000\040\000a\000\040\000o\000m\000e\000z\000e\000n\000\355}{chapter.2}% 16
\BOOKMARK [0][-]{chapter.3}{\376\377\000A\000n\000a\000l\000y\000t\000i\000c\000k\000\341\000\040\001\015\000\341\000s\000t}{}% 17
\BOOKMARK [1][-]{section.3.1}{\376\377\000A\000n\000a\000l\000\375\000z\000a\000\040\000p\000o\001\176\000a\000d\000a\000v\000k\001\157}{chapter.3}% 18
\BOOKMARK [2][-]{subsection.3.1.1}{\376\377\000S\000o\000u\001\015\000a\000s\000n\000\375\000\040\000s\000t\000a\000v\000\040\000a\000\040\000m\000o\000t\000i\000v\000a\000c\000e\000\040\000k\000e\000\040\000z\000m\001\033\000n\001\033}{section.3.1}% 19
\BOOKMARK [2][-]{subsection.3.1.2}{\376\377\000C\000\355\000l\000o\000v\000\341\000\040\000s\000k\000u\000p\000i\000n\000a\000\040\000a\000\040\000s\000p\000e\000c\000i\000f\000i\000k\000a}{section.3.1}% 20
\BOOKMARK [2][-]{subsection.3.1.3}{\376\377\000P\000o\001\176\000a\000d\000a\000v\000k\000y\000\040\000n\000a\000\040\000f\000u\000n\000k\001\015\000n\000o\000s\000t\000\040\000p\000l\000u\000g\000i\000n\000u}{section.3.1}% 21
\BOOKMARK [2][-]{subsection.3.1.4}{\376\377\000T\000e\000c\000h\000n\000i\000c\000k\000\351\000\040\000p\000o\001\176\000a\000d\000a\000v\000k\000y\000\040\000a\000\040\000o\000m\000e\000z\000e\000n\000\355}{section.3.1}% 22
\BOOKMARK [2][-]{subsection.3.1.5}{\376\377\000M\000o\001\176\000n\000o\000s\000t\000i\000\040\000r\000e\000a\000l\000i\000z\000a\000c\000e\000\040\000a\000\040\000n\000\341\000v\000r\000h\000o\000v\000\351\000\040\000r\000o\000z\000h\000o\000d\000n\000u\000t\000\355}{section.3.1}% 23
\BOOKMARK [1][-]{section.3.2}{\376\377\000N\000\341\000v\000r\000h\000\040\001\131\000e\001\141\000e\000n\000\355}{chapter.3}% 24
\BOOKMARK [2][-]{subsection.3.2.1}{\376\377\000V\000\375\000b\001\033\000r\000\040\000p\001\131\000e\000k\000l\000\341\000d\000a\000c\000\355\000c\000h\000\040\000s\000l\000u\001\176\000e\000b}{section.3.2}% 25
\BOOKMARK [2][-]{subsection.3.2.2}{\376\377\000I\000n\000t\000e\000g\000r\000a\000c\000e\000\040\000W\000o\000r\000d\0002\000V\000e\000c}{section.3.2}% 26
\BOOKMARK [2][-]{subsection.3.2.3}{\376\377\000Z\000p\000r\000a\000c\000o\000v\000\341\000n\000\355\000\040\000g\000e\000o\000g\000r\000a\000f\000i\000c\000k\000\375\000c\000h\000\040\000d\000a\000t}{section.3.2}% 27
\BOOKMARK [1][-]{section.3.3}{\376\377\000T\000e\000c\000h\000n\000i\000c\000k\000\341\000\040\000s\000p\000e\000c\000i\000f\000i\000k\000a\000c\000e\000\040\000s\000y\000s\000t\000\351\000m\000u}{chapter.3}% 28
\BOOKMARK [1][-]{section.3.4}{\376\377\000V\000\375\000k\000o\000n\000o\000v\000\351\000\040\000a\000\040\000b\000e\000z\000p\000e\001\015\000n\000o\000s\000t\000n\000\355\000\040\000h\000l\000e\000d\000i\000s\000k\000o}{chapter.3}% 29
\BOOKMARK [1][-]{section.3.5}{\376\377\000U\001\176\000i\000v\000a\000t\000e\000l\000s\000k\000\351\000\040\000s\000c\000\351\000n\000\341\001\131\000e\000\040\000a\000\040\000p\001\131\000\355\000k\000l\000a\000d\000y\000\040\000p\000o\000u\001\176\000i\000t\000\355}{chapter.3}% 30
\BOOKMARK [1][-]{section.3.6}{\376\377\000R\000o\000z\001\141\000i\001\131\000i\000t\000e\000l\000n\000o\000s\000t\000\040\000a\000\040\000b\000u\000d\000o\000u\000c\000\355\000\040\000m\000o\001\176\000n\000o\000s\000t\000i\000\040\000i\000n\000t\000e\000g\000r\000a\000c\000e}{chapter.3}% 31
\BOOKMARK [1][-]{section.3.7}{\376\377\000S\000h\000r\000n\000u\000t\000\355\000\040\000a\000n\000a\000l\000y\000t\000i\000c\000k\000\351\000\040\001\015\000\341\000s\000t\000i}{chapter.3}% 32
\BOOKMARK [0][-]{chapter.4}{\376\377\000I\000m\000p\000l\000e\000m\000e\000n\000t\000a\001\015\000n\000\355\000\040\001\015\000\341\000s\000t}{}% 33
\BOOKMARK [1][-]{section.4.1}{\376\377\000O\000b\000e\000c\000n\000\375\000\040\000p\000o\000p\000i\000s\000\040\000a\000\040\000a\000r\000c\000h\000i\000t\000e\000k\000t\000u\000r\000a}{chapter.4}% 34
\BOOKMARK [1][-]{section.4.2}{\376\377\000Z\000p\000r\000a\000c\000o\000v\000\341\000n\000\355\000\040\000d\000a\000t}{chapter.4}% 35
\BOOKMARK [2][-]{subsection.4.2.1}{\376\377\000Z\000p\000r\000a\000c\000o\000v\000\341\000n\000\355\000\040\001\015\000e\000s\000k\000\375\000c\000h\000\040\000g\000e\000n\000e\000a\000l\000o\000g\000i\000c\000k\000\375\000c\000h\000\040\000p\001\131\000e\000k\000l\000a\000d\001\157\000\040\000d\000o\000\040\000a\000n\000g\000l\000i\001\015\000t\000i\000n\000y}{section.4.2}% 36
\BOOKMARK [2][-]{subsection.4.2.2}{\376\377\000Z\000p\000r\000a\000c\000o\000v\000\341\000n\000\355\000\040\000l\000a\000t\000i\000n\000s\000k\000\375\000c\000h\000\040\000p\001\131\000e\000k\000l\000a\000d\001\157\000\040\000d\000o\000\040\001\015\000e\001\141\000t\000i\000n\000y}{section.4.2}% 37
\BOOKMARK [1][-]{section.4.3}{\376\377\000S\000t\000r\000u\000k\000t\000u\000r\000a\000\040\000d\000a\000t\000a\000b\000\341\000z\000e}{chapter.4}% 38
\BOOKMARK [1][-]{section.4.4}{\376\377\000A\000d\000m\000i\000n\000i\000s\000t\000r\000a\001\015\000n\000\355\000\040\000r\000o\000z\000h\000r\000a\000n\000\355\000\040\000p\000r\000o\000\040\000s\000p\000r\000\341\000v\000u\000\040\000g\000e\000n\000e\000a\000l\000o\000g\000i\000c\000k\000\375\000c\000h\000\040\000d\000a\000t}{chapter.4}% 39
\BOOKMARK [2][-]{subsection.4.4.1}{\376\377\000H\000l\000a\000v\000n\000\355\000\040\000f\000u\000n\000k\000c\000e\000\040\000a\000d\000m\000i\000n\000i\000s\000t\000r\000a\001\015\000n\000\355\000h\000o\000\040\000r\000o\000z\000h\000r\000a\000n\000\355}{section.4.4}% 40
\BOOKMARK [1][-]{section.4.5}{\376\377\000I\000m\000p\000l\000e\000m\000e\000n\000t\000a\000c\000e\000\040\000a\000d\000m\000i\000n\000i\000s\000t\000r\000a\001\015\000n\000\355\000h\000o\000\040\000r\000o\000z\000h\000r\000a\000n\000\355}{chapter.4}% 41
\BOOKMARK [1][-]{section.4.6}{\376\377\000I\000m\000p\000l\000e\000m\000e\000n\000t\000a\000c\000e\000\040\000W\000o\000r\000d\0002\000V\000e\000c\000\040\000p\000r\000o\000\040\000C\000z\000e\000c\000h\000A\000m\000e\000r\000i\000c\000a\000n\000T\000V}{chapter.4}% 42
\BOOKMARK [2][-]{subsection.4.6.1}{\376\377\000V\000y\000u\001\176\000i\000t\000\355\000\040\000m\000o\000d\000e\000l\000u\000\040\000v\000\040\000p\001\131\000e\000k\000l\000a\000d\000o\000v\000\351\000m\000\040\000s\000y\000s\000t\000\351\000m\000u}{section.4.6}% 43
\BOOKMARK [2][-]{subsection.4.6.2}{\376\377\000K\000l\000\355\001\015\000o\000v\000\351\000\040\000k\000n\000i\000h\000o\000v\000n\000y\000\040\000a\000\040\000n\000\341\000s\000t\000r\000o\000j\000e}{section.4.6}% 44
\BOOKMARK [2][-]{subsection.4.6.3}{\376\377\000N\000a\001\015\000t\000e\000n\000\355\000\040\000m\000o\000d\000e\000l\000u\000\040\000W\000o\000r\000d\0002\000V\000e\000c}{section.4.6}% 45
\BOOKMARK [2][-]{subsection.4.6.4}{\376\377\000V\000\375\000p\000o\001\015\000e\000t\000\040\000v\000e\000k\000t\000o\000r\000u\000\040\000v\001\033\000t\000y}{section.4.6}% 46
\BOOKMARK [2][-]{subsection.4.6.5}{\376\377\000R\000E\000S\000T\000\040\000A\000P\000I\000\040\000p\000r\000o\000\040\000z\000\355\000s\000k\000\341\000n\000\355\000\040\000p\000o\000d\000o\000b\000n\000\375\000c\000h\000\040\000s\000l\000o\000v}{section.4.6}% 47
\BOOKMARK [2][-]{subsection.4.6.6}{\376\377\000S\000p\000u\001\141\000t\001\033\000n\000\355\000\040\000a\000p\000l\000i\000k\000a\000c\000e}{section.4.6}% 48
\BOOKMARK [2][-]{subsection.4.6.7}{\376\377\000O\000p\000t\000i\000m\000a\000l\000i\000z\000a\000c\000e\000\040\000a\000\040\000v\000\375\000z\000v\000y}{section.4.6}% 49
\BOOKMARK [2][-]{subsection.4.6.8}{\376\377\000P\001\131\000\355\000k\000l\000a\000d\000\040\000p\000o\000u\001\176\000i\000t\000\355}{section.4.6}% 50
\BOOKMARK [1][-]{section.4.7}{\376\377\000I\000m\000p\000l\000e\000m\000e\000n\000t\000a\000c\000e\000\040\000p\001\131\000e\000k\000l\000a\000d\000a\001\015\001\157}{chapter.4}% 51
\BOOKMARK [2][-]{subsection.4.7.1}{\376\377\000P\001\131\000e\000k\000l\000a\000d\000a\001\015\000\040\000z\000\040\001\015\000e\001\141\000t\000i\000n\000y\000\040\000d\000o\000\040\000a\000n\000g\000l\000i\001\015\000t\000i\000n\000y}{section.4.7}% 52
\BOOKMARK [2][-]{subsection.4.7.2}{\376\377\000P\001\131\000e\000k\000l\000a\000d\000a\001\015\000\040\000z\000\040\000n\001\033\000m\001\015\000i\000n\000y\000\040\000d\000o\000\040\000a\000n\000g\000l\000i\001\015\000t\000i\000n\000y}{section.4.7}% 53
\BOOKMARK [2][-]{subsection.4.7.3}{\376\377\000P\001\131\000e\000k\000l\000a\000d\000a\001\015\000\040\000z\000\040\000l\000a\000t\000i\000n\000y\000\040\000d\000o\000\040\000a\000n\000g\000l\000i\001\015\000t\000i\000n\000y}{section.4.7}% 54
\BOOKMARK [2][-]{subsection.4.7.4}{\376\377\000Z\000h\000o\000d\000n\000o\000c\000e\000n\000\355\000\040\000a\000\040\000v\000\375\000h\000o\000d\000y\000\040\000i\000m\000p\000l\000e\000m\000e\000n\000t\000a\000c\000e}{section.4.7}% 55
\BOOKMARK [1][-]{section.4.8}{\376\377\000I\000m\000p\000l\000e\000m\000e\000n\000t\000a\000c\000e\000\040\000m\000a\000p\000o\000v\000\375\000c\000h\000\040\000p\000l\000u\000g\000i\000n\001\157}{chapter.4}% 56
\BOOKMARK [2][-]{subsection.4.8.1}{\376\377\000P\000l\000u\000g\000i\000n\000\040\000N\001\033\000m\000e\000c\000k\000\341\000\040\000t\000e\000r\000m\000i\000n\000o\000l\000o\000g\000i\000e}{section.4.8}% 57
\BOOKMARK [2][-]{subsection.4.8.2}{\376\377\000P\000l\000u\000g\000i\000n\000\040\000D\000i\000s\000t\000r\000i\000b\000u\000c\000e\000\040\000p\001\131\000\355\000j\000m\000e\000n\000\355}{section.4.8}% 58
\BOOKMARK [1][-]{section.4.9}{\376\377\000O\000m\000e\000z\000e\000n\000\355\000\040\000a\000\040\000z\000k\000u\001\141\000e\000n\000o\000s\000t\000i\000\040\000z\000\040\000r\000e\000a\000l\000i\000z\000a\000c\000e}{chapter.4}% 59
\BOOKMARK [0][-]{chapter.5}{\376\377\000T\000e\000s\000t\000o\000v\000\341\000n\000\355}{}% 60
\BOOKMARK [1][-]{section.5.1}{\376\377\000M\000e\000t\000o\000d\000i\000k\000a\000\040\000t\000e\000s\000t\000o\000v\000\341\000n\000\355}{chapter.5}% 61
\BOOKMARK [1][-]{section.5.2}{\376\377\000V\000\375\000s\000l\000e\000d\000k\000y\000\040\000v\000\375\000k\000o\000n\000o\000v\000\375\000c\000h\000\040\000t\000e\000s\000t\001\157}{chapter.5}% 62
\BOOKMARK [1][-]{section.5.3}{\376\377\000S\000p\000r\000\341\000v\000n\000o\000s\000t\000\040\000p\001\131\000e\000k\000l\000a\000d\000u\000\040\000p\000o\000d\000l\000e\000\040\000t\000y\000p\000u\000\040\000s\000l\000o\000v}{chapter.5}% 63
\BOOKMARK [1][-]{section.5.4}{\376\377\000S\000\351\000m\000a\000n\000t\000i\000c\000k\000\351\000\040\000v\000y\000h\000l\000e\000d\000\341\000v\000\341\000n\000\355\000\040\000p\000o\000m\000o\000c\000\355\000\040\000W\000o\000r\000d\0002\000V\000e\000c}{chapter.5}% 64
\BOOKMARK [1][-]{section.5.5}{\376\377\000Z\000\341\000t\001\033\001\176\000o\000v\000\351\000\040\000t\000e\000s\000t\000y}{chapter.5}% 65
\BOOKMARK [1][-]{section.5.6}{\376\377\000J\000e\000d\000n\000o\000t\000k\000o\000v\000\351\000\040\000t\000e\000s\000t\000o\000v\000\341\000n\000\355\000\040\000k\000l\000\355\001\015\000o\000v\000\375\000c\000h\000\040\000k\000o\000m\000p\000o\000n\000e\000n\000t}{chapter.5}% 66
\BOOKMARK [1][-]{section.5.7}{\376\377\000Z\000\341\000v\001\033\000r\000y\000\040\000t\000e\000s\000t\000o\000v\000\341\000n\000\355}{chapter.5}% 67
\BOOKMARK [0][-]{chapter.6}{\376\377\000Z\000\341\000v\001\033\000r}{}% 68
\BOOKMARK [0][-]{chapter.7}{\376\377\000E\000l\000e\000k\000t\000r\000o\000n\000i\000c\000k\000\351\000\040\000p\001\131\000\355\000l\000o\000h\000y}{}% 69
\BOOKMARK [1][-]{section.7.1}{\376\377\000U\001\176\000i\000v\000a\000t\000e\000l\000s\000k\000\341\000\040\000p\001\131\000\355\000r\000u\001\015\000k\000a}{chapter.7}% 70
\BOOKMARK [2][-]{subsection.7.1.1}{\376\377\000I\000n\000s\000t\000a\000l\000a\000c\000e\000\040\000p\000l\000u\000g\000i\000n\000u}{section.7.1}% 71
\BOOKMARK [2][-]{subsection.7.1.2}{\376\377\000P\000o\000u\001\176\000i\000t\000\355\000\040\000p\000l\000u\000g\000i\000n\000u}{section.7.1}% 72
\BOOKMARK [2][-]{subsection.7.1.3}{\376\377\000S\000p\000r\000\341\000v\000a\000\040\000p\001\131\000e\000k\000l\000a\000d\001\157}{section.7.1}% 73
\BOOKMARK [1][-]{section.7.2}{\376\377\000P\000r\000o\000g\000r\000a\000m\000\341\000t\000o\000r\000s\000k\000\341\000\040\000p\001\131\000\355\000r\000u\001\015\000k\000a}{chapter.7}% 74
\BOOKMARK [2][-]{subsection.7.2.1}{\376\377\000I\000n\000s\000t\000a\000l\000a\000c\000e\000\040\000a\000\040\000s\000t\000r\000u\000k\000t\000u\000r\000a\000\040\000p\000r\000o\000j\000e\000k\000t\000u}{section.7.2}% 75
\BOOKMARK [2][-]{subsection.7.2.2}{\376\377\000P\000r\000o\000p\000o\000j\000e\000n\000\355\000\040\000s\000\040\000W\000o\000r\000d\0002\000V\000e\000c\000\040\000A\000P\000I\000\040\000\050\000F\000a\000s\000t\000A\000P\000I\000\051}{section.7.2}% 76
\BOOKMARK [0][-]{chapter*.12}{\376\377\000B\000i\000b\000l\000i\000o\000g\000r\000a\000f\000i\000e}{}% 77
\BOOKMARK [0][-]{chapter*.13}{\376\377\000S\000e\000z\000n\000a\000m\000\040\000o\000b\000r\000\341\000z\000k\001\157}{}% 78
\BOOKMARK [0][-]{chapter*.14}{\376\377\000S\000e\000z\000n\000a\000m\000\040\000t\000a\000b\000u\000l\000e\000k}{}% 79
\BOOKMARK [0][-]{chapter*.15}{\376\377\000S\000e\000z\000n\000a\000m\000\040\000v\000\375\000p\000i\000s\001\157}{}% 80
